<component name="ProjectRunConfigurationManager">
  <configuration default="false" name="TEST-MCP-JIRA  SELECT" type="NodeJSConfigurationType" application-parameters="--tests=jira_create_project_version" path-to-js-file="tests/mcp/jira.js" working-dir="$PROJECT_DIR$">
    <envs>
      <env name="NODE_NO_WARNINGS" value="1" />
    </envs>
    <method v="2" />
  </configuration>
</component>