<component name="ProjectRunConfigurationManager">
  <configuration default="false" name="TEST-MCP-CONFLUENCE" type="NodeJSConfigurationType" path-to-js-file="tests/mcp/confluence.js" working-dir="$PROJECT_DIR$">
    <envs>
      <env name="NODE_NO_WARNINGS" value="1" />
    </envs>
    <method v="2" />
  </configuration>
</component>